2026-02-26 23:28:54,604 | INFO | Sistema de Logging Inicializado.
2026-02-26 23:28:54,604 | INFO | ### Telemetría Antigravity Inicializada ###
2026-02-26 23:28:54,604 | INFO | --- Nueva Petición Recibida: 'Escribe una consulta SQL para hallar el segundo empleado mejor pagado.' ---
2026-02-26 23:28:54,627 | ERROR | [FAILURE] Model: gpt-4o-mini | Error: UnknownError | Latency: 0.02s | Details: No details
2026-02-26 23:28:55,375 | ERROR | [ROUTER ERROR] Fallo en clasificación: litellm.APIConnectionError: litellm.AuthenticationError: GeminiException - {
  "error": {
    "code": 400,
    "message": "API key not valid. Please pass a valid API key.",
    "status": "INVALID_ARGUMENT",
    "details": [
      {
        "@type": "type.googleapis.com/google.rpc.ErrorInfo",
        "reason": "API_KEY_INVALID",
        "domain": "googleapis.com",
        "metadata": {
          "service": "generativelanguage.googleapis.com"
        }
      },
      {
        "@type": "type.googleapis.com/google.rpc.LocalizedMessage",
        "locale": "en-US",
        "message": "API key not valid. Please pass a valid API key."
      }
    ]
  }
}
. All fallback attempts failed. Enable verbose logging with `litellm.set_verbose=True` for details.
Traceback (most recent call last):
  File "C:\Users\Usuario\AppData\Roaming\Python\Python313\site-packages\litellm\litellm_core_utils\asyncify.py", line 107, in run_async_function
    _ = asyncio.get_running_loop()
RuntimeError: no running event loop

During handling of the above exception, another exception occurred:

Traceback (most recent call last):
  File "C:\Users\Usuario\AppData\Roaming\Python\Python313\site-packages\litellm\main.py", line 1298, in completion
    return completion_with_fallbacks(**args)
  File "C:\Users\Usuario\AppData\Roaming\Python\Python313\site-packages\litellm\litellm_core_utils\fallback_utils.py", line 77, in completion_with_fallbacks
    return run_async_function(async_function=async_completion_with_fallbacks, **kwargs)
  File "C:\Users\Usuario\AppData\Roaming\Python\Python313\site-packages\litellm\litellm_core_utils\asyncify.py", line 116, in run_async_function
    return run_in_new_loop()
  File "C:\Users\Usuario\AppData\Roaming\Python\Python313\site-packages\litellm\litellm_core_utils\asyncify.py", line 100, in run_in_new_loop
    return new_loop.run_until_complete(async_function(*args, **kwargs))
           ~~~~~~~~~~~~~~~~~~~~~~~~~~~^^^^^^^^^^^^^^^^^^^^^^^^^^^^^^^^^
  File "C:\Python313\Lib\asyncio\base_events.py", line 719, in run_until_complete
    return future.result()
           ~~~~~~~~~~~~~^^
  File "C:\Users\Usuario\AppData\Roaming\Python\Python313\site-packages\litellm\litellm_core_utils\fallback_utils.py", line 71, in async_completion_with_fallbacks
    raise Exception(
        f"{most_recent_exception_str}. All fallback attempts failed. Enable verbose logging with `litellm.set_verbose=True` for details."
    )
Exception: litellm.AuthenticationError: GeminiException - {
  "error": {
    "code": 400,
    "message": "API key not valid. Please pass a valid API key.",
    "status": "INVALID_ARGUMENT",
    "details": [
      {
        "@type": "type.googleapis.com/google.rpc.ErrorInfo",
        "reason": "API_KEY_INVALID",
        "domain": "googleapis.com",
        "metadata": {
          "service": "generativelanguage.googleapis.com"
        }
      },
      {
        "@type": "type.googleapis.com/google.rpc.LocalizedMessage",
        "locale": "en-US",
        "message": "API key not valid. Please pass a valid API key."
      }
    ]
  }
}
. All fallback attempts failed. Enable verbose logging with `litellm.set_verbose=True` for details.
. Fallback a LOGICA.
2026-02-26 23:28:55,375 | INFO | Categoría Detectada -> LOGICA
2026-02-26 23:28:55,382 | INFO | Despachando a Agente: TechLead Agent (Lista LLM: ['gpt-4o-mini', 'ollama/llama3.1:8b'])
2026-02-26 23:28:55,382 | INFO | [PROBANDO MODELO] gpt-4o-mini para el agente TechLead Agent
2026-02-26 23:28:55,600 | WARNING | [FALLBACK TRIGGERED] Modelo gpt-4o-mini falló. Error: OPENAI_API_KEY environment variable is required for the default OpenAI service. If you are targeting a local server (e.g., LM Studio), ensure OPENAI_API_BASE is set (e.g., 'http://localhost:1234/v1') and you can use a placeholder API key by setting OPENAI_API_KEY='not-needed'
2026-02-26 23:28:55,600 | INFO | [PROBANDO MODELO] ollama/llama3.1:8b para el agente TechLead Agent
2026-02-26 23:28:55,755 | WARNING | [FALLBACK TRIGGERED] Modelo ollama/llama3.1:8b falló. Error: OPENAI_API_KEY environment variable is required for the default OpenAI service. If you are targeting a local server (e.g., LM Studio), ensure OPENAI_API_BASE is set (e.g., 'http://localhost:1234/v1') and you can use a placeholder API key by setting OPENAI_API_KEY='not-needed'
2026-02-26 23:28:55,755 | CRITICAL | CRITICO: El agente TechLead Agent falló incluso tras agotar TODA la lista de fallbacks: ['gpt-4o-mini', 'ollama/llama3.1:8b']
2026-02-26 23:28:55,755 | INFO | --- Nueva Petición Recibida: 'Tengo un acta notarial gigantesca de 500 páginas. Haz un resumen ejecutivo.' ---
2026-02-26 23:28:55,762 | ERROR | [FAILURE] Model: gpt-4o-mini | Error: UnknownError | Latency: 0.00s | Details: No details
2026-02-26 23:28:56,379 | ERROR | [ROUTER ERROR] Fallo en clasificación: litellm.APIConnectionError: litellm.AuthenticationError: GeminiException - {
  "error": {
    "code": 400,
    "message": "API key not valid. Please pass a valid API key.",
    "status": "INVALID_ARGUMENT",
    "details": [
      {
        "@type": "type.googleapis.com/google.rpc.ErrorInfo",
        "reason": "API_KEY_INVALID",
        "domain": "googleapis.com",
        "metadata": {
          "service": "generativelanguage.googleapis.com"
        }
      },
      {
        "@type": "type.googleapis.com/google.rpc.LocalizedMessage",
        "locale": "en-US",
        "message": "API key not valid. Please pass a valid API key."
      }
    ]
  }
}
. All fallback attempts failed. Enable verbose logging with `litellm.set_verbose=True` for details.
Traceback (most recent call last):
  File "C:\Users\Usuario\AppData\Roaming\Python\Python313\site-packages\litellm\litellm_core_utils\asyncify.py", line 107, in run_async_function
    _ = asyncio.get_running_loop()
RuntimeError: no running event loop

During handling of the above exception, another exception occurred:

Traceback (most recent call last):
  File "C:\Users\Usuario\AppData\Roaming\Python\Python313\site-packages\litellm\main.py", line 1298, in completion
    return completion_with_fallbacks(**args)
  File "C:\Users\Usuario\AppData\Roaming\Python\Python313\site-packages\litellm\litellm_core_utils\fallback_utils.py", line 77, in completion_with_fallbacks
    return run_async_function(async_function=async_completion_with_fallbacks, **kwargs)
  File "C:\Users\Usuario\AppData\Roaming\Python\Python313\site-packages\litellm\litellm_core_utils\asyncify.py", line 116, in run_async_function
    return run_in_new_loop()
  File "C:\Users\Usuario\AppData\Roaming\Python\Python313\site-packages\litellm\litellm_core_utils\asyncify.py", line 100, in run_in_new_loop
    return new_loop.run_until_complete(async_function(*args, **kwargs))
           ~~~~~~~~~~~~~~~~~~~~~~~~~~~^^^^^^^^^^^^^^^^^^^^^^^^^^^^^^^^^
  File "C:\Python313\Lib\asyncio\base_events.py", line 719, in run_until_complete
    return future.result()
           ~~~~~~~~~~~~~^^
  File "C:\Users\Usuario\AppData\Roaming\Python\Python313\site-packages\litellm\litellm_core_utils\fallback_utils.py", line 71, in async_completion_with_fallbacks
    raise Exception(
        f"{most_recent_exception_str}. All fallback attempts failed. Enable verbose logging with `litellm.set_verbose=True` for details."
    )
Exception: litellm.AuthenticationError: GeminiException - {
  "error": {
    "code": 400,
    "message": "API key not valid. Please pass a valid API key.",
    "status": "INVALID_ARGUMENT",
    "details": [
      {
        "@type": "type.googleapis.com/google.rpc.ErrorInfo",
        "reason": "API_KEY_INVALID",
        "domain": "googleapis.com",
        "metadata": {
          "service": "generativelanguage.googleapis.com"
        }
      },
      {
        "@type": "type.googleapis.com/google.rpc.LocalizedMessage",
        "locale": "en-US",
        "message": "API key not valid. Please pass a valid API key."
      }
    ]
  }
}
. All fallback attempts failed. Enable verbose logging with `litellm.set_verbose=True` for details.
. Fallback a LOGICA.
2026-02-26 23:28:56,380 | INFO | Categoría Detectada -> LOGICA
2026-02-26 23:28:56,380 | INFO | Despachando a Agente: TechLead Agent (Lista LLM: ['gpt-4o-mini', 'ollama/llama3.1:8b'])
2026-02-26 23:28:56,380 | INFO | [PROBANDO MODELO] gpt-4o-mini para el agente TechLead Agent
2026-02-26 23:28:56,535 | WARNING | [FALLBACK TRIGGERED] Modelo gpt-4o-mini falló. Error: OPENAI_API_KEY environment variable is required for the default OpenAI service. If you are targeting a local server (e.g., LM Studio), ensure OPENAI_API_BASE is set (e.g., 'http://localhost:1234/v1') and you can use a placeholder API key by setting OPENAI_API_KEY='not-needed'
2026-02-26 23:28:56,536 | INFO | [PROBANDO MODELO] ollama/llama3.1:8b para el agente TechLead Agent
2026-02-26 23:28:56,539 | WARNING | [FALLBACK TRIGGERED] Modelo ollama/llama3.1:8b falló. Error: OPENAI_API_KEY environment variable is required for the default OpenAI service. If you are targeting a local server (e.g., LM Studio), ensure OPENAI_API_BASE is set (e.g., 'http://localhost:1234/v1') and you can use a placeholder API key by setting OPENAI_API_KEY='not-needed'
2026-02-26 23:28:56,540 | CRITICAL | CRITICO: El agente TechLead Agent falló incluso tras agotar TODA la lista de fallbacks: ['gpt-4o-mini', 'ollama/llama3.1:8b']
2026-02-26 23:28:56,540 | INFO | --- Nueva Petición Recibida: 'Busca y dime cuál es el precio actual de la acción de Apple hoy.' ---
2026-02-26 23:28:56,546 | ERROR | [FAILURE] Model: gpt-4o-mini | Error: UnknownError | Latency: 0.00s | Details: No details
2026-02-26 23:28:57,178 | ERROR | [ROUTER ERROR] Fallo en clasificación: litellm.APIConnectionError: litellm.AuthenticationError: GeminiException - {
  "error": {
    "code": 400,
    "message": "API key not valid. Please pass a valid API key.",
    "status": "INVALID_ARGUMENT",
    "details": [
      {
        "@type": "type.googleapis.com/google.rpc.ErrorInfo",
        "reason": "API_KEY_INVALID",
        "domain": "googleapis.com",
        "metadata": {
          "service": "generativelanguage.googleapis.com"
        }
      },
      {
        "@type": "type.googleapis.com/google.rpc.LocalizedMessage",
        "locale": "en-US",
        "message": "API key not valid. Please pass a valid API key."
      }
    ]
  }
}
. All fallback attempts failed. Enable verbose logging with `litellm.set_verbose=True` for details.
Traceback (most recent call last):
  File "C:\Users\Usuario\AppData\Roaming\Python\Python313\site-packages\litellm\litellm_core_utils\asyncify.py", line 107, in run_async_function
    _ = asyncio.get_running_loop()
RuntimeError: no running event loop

During handling of the above exception, another exception occurred:

Traceback (most recent call last):
  File "C:\Users\Usuario\AppData\Roaming\Python\Python313\site-packages\litellm\main.py", line 1298, in completion
    return completion_with_fallbacks(**args)
  File "C:\Users\Usuario\AppData\Roaming\Python\Python313\site-packages\litellm\litellm_core_utils\fallback_utils.py", line 77, in completion_with_fallbacks
    return run_async_function(async_function=async_completion_with_fallbacks, **kwargs)
  File "C:\Users\Usuario\AppData\Roaming\Python\Python313\site-packages\litellm\litellm_core_utils\asyncify.py", line 116, in run_async_function
    return run_in_new_loop()
  File "C:\Users\Usuario\AppData\Roaming\Python\Python313\site-packages\litellm\litellm_core_utils\asyncify.py", line 100, in run_in_new_loop
    return new_loop.run_until_complete(async_function(*args, **kwargs))
           ~~~~~~~~~~~~~~~~~~~~~~~~~~~^^^^^^^^^^^^^^^^^^^^^^^^^^^^^^^^^
  File "C:\Python313\Lib\asyncio\base_events.py", line 719, in run_until_complete
    return future.result()
           ~~~~~~~~~~~~~^^
  File "C:\Users\Usuario\AppData\Roaming\Python\Python313\site-packages\litellm\litellm_core_utils\fallback_utils.py", line 71, in async_completion_with_fallbacks
    raise Exception(
        f"{most_recent_exception_str}. All fallback attempts failed. Enable verbose logging with `litellm.set_verbose=True` for details."
    )
Exception: litellm.AuthenticationError: GeminiException - {
  "error": {
    "code": 400,
    "message": "API key not valid. Please pass a valid API key.",
    "status": "INVALID_ARGUMENT",
    "details": [
      {
        "@type": "type.googleapis.com/google.rpc.ErrorInfo",
        "reason": "API_KEY_INVALID",
        "domain": "googleapis.com",
        "metadata": {
          "service": "generativelanguage.googleapis.com"
        }
      },
      {
        "@type": "type.googleapis.com/google.rpc.LocalizedMessage",
        "locale": "en-US",
        "message": "API key not valid. Please pass a valid API key."
      }
    ]
  }
}
. All fallback attempts failed. Enable verbose logging with `litellm.set_verbose=True` for details.
. Fallback a LOGICA.
2026-02-26 23:28:57,179 | INFO | Categoría Detectada -> LOGICA
2026-02-26 23:28:57,179 | INFO | Despachando a Agente: TechLead Agent (Lista LLM: ['gpt-4o-mini', 'ollama/llama3.1:8b'])
2026-02-26 23:28:57,179 | INFO | [PROBANDO MODELO] gpt-4o-mini para el agente TechLead Agent
2026-02-26 23:28:57,334 | WARNING | [FALLBACK TRIGGERED] Modelo gpt-4o-mini falló. Error: OPENAI_API_KEY environment variable is required for the default OpenAI service. If you are targeting a local server (e.g., LM Studio), ensure OPENAI_API_BASE is set (e.g., 'http://localhost:1234/v1') and you can use a placeholder API key by setting OPENAI_API_KEY='not-needed'
2026-02-26 23:28:57,334 | INFO | [PROBANDO MODELO] ollama/llama3.1:8b para el agente TechLead Agent
2026-02-26 23:28:57,488 | WARNING | [FALLBACK TRIGGERED] Modelo ollama/llama3.1:8b falló. Error: OPENAI_API_KEY environment variable is required for the default OpenAI service. If you are targeting a local server (e.g., LM Studio), ensure OPENAI_API_BASE is set (e.g., 'http://localhost:1234/v1') and you can use a placeholder API key by setting OPENAI_API_KEY='not-needed'
2026-02-26 23:28:57,488 | CRITICAL | CRITICO: El agente TechLead Agent falló incluso tras agotar TODA la lista de fallbacks: ['gpt-4o-mini', 'ollama/llama3.1:8b']
2026-02-26 23:29:08,745 | INFO | Sistema de Logging Inicializado.
2026-02-26 23:29:08,745 | INFO | ### Telemetría Antigravity Inicializada ###
2026-02-26 23:29:08,746 | INFO | --- Nueva Petición Recibida: 'Escribe una consulta SQL para hallar el segundo empleado mejor pagado.' ---
2026-02-26 23:29:09,304 | ERROR | [FAILURE] Model: gpt-4o-mini | Error: UnknownError | Latency: 0.55s | Details: No details
2026-02-26 23:29:10,020 | ERROR | [ROUTER ERROR] Fallo en clasificación: litellm.APIConnectionError: litellm.AuthenticationError: GeminiException - {
  "error": {
    "code": 400,
    "message": "API key not valid. Please pass a valid API key.",
    "status": "INVALID_ARGUMENT",
    "details": [
      {
        "@type": "type.googleapis.com/google.rpc.ErrorInfo",
        "reason": "API_KEY_INVALID",
        "domain": "googleapis.com",
        "metadata": {
          "service": "generativelanguage.googleapis.com"
        }
      },
      {
        "@type": "type.googleapis.com/google.rpc.LocalizedMessage",
        "locale": "en-US",
        "message": "API key not valid. Please pass a valid API key."
      }
    ]
  }
}
. All fallback attempts failed. Enable verbose logging with `litellm.set_verbose=True` for details.
Traceback (most recent call last):
  File "C:\Users\Usuario\AppData\Roaming\Python\Python313\site-packages\litellm\litellm_core_utils\asyncify.py", line 107, in run_async_function
    _ = asyncio.get_running_loop()
RuntimeError: no running event loop

During handling of the above exception, another exception occurred:

Traceback (most recent call last):
  File "C:\Users\Usuario\AppData\Roaming\Python\Python313\site-packages\litellm\main.py", line 1298, in completion
    return completion_with_fallbacks(**args)
  File "C:\Users\Usuario\AppData\Roaming\Python\Python313\site-packages\litellm\litellm_core_utils\fallback_utils.py", line 77, in completion_with_fallbacks
    return run_async_function(async_function=async_completion_with_fallbacks, **kwargs)
  File "C:\Users\Usuario\AppData\Roaming\Python\Python313\site-packages\litellm\litellm_core_utils\asyncify.py", line 116, in run_async_function
    return run_in_new_loop()
  File "C:\Users\Usuario\AppData\Roaming\Python\Python313\site-packages\litellm\litellm_core_utils\asyncify.py", line 100, in run_in_new_loop
    return new_loop.run_until_complete(async_function(*args, **kwargs))
           ~~~~~~~~~~~~~~~~~~~~~~~~~~~^^^^^^^^^^^^^^^^^^^^^^^^^^^^^^^^^
  File "C:\Python313\Lib\asyncio\base_events.py", line 719, in run_until_complete
    return future.result()
           ~~~~~~~~~~~~~^^
  File "C:\Users\Usuario\AppData\Roaming\Python\Python313\site-packages\litellm\litellm_core_utils\fallback_utils.py", line 71, in async_completion_with_fallbacks
    raise Exception(
        f"{most_recent_exception_str}. All fallback attempts failed. Enable verbose logging with `litellm.set_verbose=True` for details."
    )
Exception: litellm.AuthenticationError: GeminiException - {
  "error": {
    "code": 400,
    "message": "API key not valid. Please pass a valid API key.",
    "status": "INVALID_ARGUMENT",
    "details": [
      {
        "@type": "type.googleapis.com/google.rpc.ErrorInfo",
        "reason": "API_KEY_INVALID",
        "domain": "googleapis.com",
        "metadata": {
          "service": "generativelanguage.googleapis.com"
        }
      },
      {
        "@type": "type.googleapis.com/google.rpc.LocalizedMessage",
        "locale": "en-US",
        "message": "API key not valid. Please pass a valid API key."
      }
    ]
  }
}
. All fallback attempts failed. Enable verbose logging with `litellm.set_verbose=True` for details.
. Fallback a LOGICA.
2026-02-26 23:29:10,021 | INFO | Categoría Detectada -> LOGICA
2026-02-26 23:29:10,028 | INFO | Despachando a Agente: TechLead Agent (Lista LLM: ['gpt-4o-mini', 'ollama/llama3.1:8b'])
2026-02-26 23:29:10,028 | INFO | [PROBANDO MODELO] gpt-4o-mini para el agente TechLead Agent
2026-02-26 23:29:10,571 | ERROR | Error creating completion: Error code: 401 - {'error': {'message': 'Incorrect API key provided: not-needed. You can find your API key at https://platform.openai.com/account/api-keys.', 'type': 'invalid_request_error', 'param': None, 'code': 'invalid_api_key'}}
2026-02-26 23:29:10,706 | INFO | --- Nueva Petición Recibida: 'Tengo un acta notarial gigantesca de 500 páginas. Haz un resumen ejecutivo.' ---
2026-02-26 23:29:10,901 | ERROR | [FAILURE] Model: gpt-4o-mini | Error: UnknownError | Latency: 0.19s | Details: No details
2026-02-26 23:29:11,540 | ERROR | [ROUTER ERROR] Fallo en clasificación: litellm.APIConnectionError: litellm.AuthenticationError: GeminiException - {
  "error": {
    "code": 400,
    "message": "API key not valid. Please pass a valid API key.",
    "status": "INVALID_ARGUMENT",
    "details": [
      {
        "@type": "type.googleapis.com/google.rpc.ErrorInfo",
        "reason": "API_KEY_INVALID",
        "domain": "googleapis.com",
        "metadata": {
          "service": "generativelanguage.googleapis.com"
        }
      },
      {
        "@type": "type.googleapis.com/google.rpc.LocalizedMessage",
        "locale": "en-US",
        "message": "API key not valid. Please pass a valid API key."
      }
    ]
  }
}
. All fallback attempts failed. Enable verbose logging with `litellm.set_verbose=True` for details.
Traceback (most recent call last):
  File "C:\Users\Usuario\AppData\Roaming\Python\Python313\site-packages\litellm\litellm_core_utils\asyncify.py", line 107, in run_async_function
    _ = asyncio.get_running_loop()
RuntimeError: no running event loop

During handling of the above exception, another exception occurred:

Traceback (most recent call last):
  File "C:\Users\Usuario\AppData\Roaming\Python\Python313\site-packages\litellm\main.py", line 1298, in completion
    return completion_with_fallbacks(**args)
  File "C:\Users\Usuario\AppData\Roaming\Python\Python313\site-packages\litellm\litellm_core_utils\fallback_utils.py", line 77, in completion_with_fallbacks
    return run_async_function(async_function=async_completion_with_fallbacks, **kwargs)
  File "C:\Users\Usuario\AppData\Roaming\Python\Python313\site-packages\litellm\litellm_core_utils\asyncify.py", line 116, in run_async_function
    return run_in_new_loop()
  File "C:\Users\Usuario\AppData\Roaming\Python\Python313\site-packages\litellm\litellm_core_utils\asyncify.py", line 100, in run_in_new_loop
    return new_loop.run_until_complete(async_function(*args, **kwargs))
           ~~~~~~~~~~~~~~~~~~~~~~~~~~~^^^^^^^^^^^^^^^^^^^^^^^^^^^^^^^^^
  File "C:\Python313\Lib\asyncio\base_events.py", line 719, in run_until_complete
    return future.result()
           ~~~~~~~~~~~~~^^
  File "C:\Users\Usuario\AppData\Roaming\Python\Python313\site-packages\litellm\litellm_core_utils\fallback_utils.py", line 71, in async_completion_with_fallbacks
    raise Exception(
        f"{most_recent_exception_str}. All fallback attempts failed. Enable verbose logging with `litellm.set_verbose=True` for details."
    )
Exception: litellm.AuthenticationError: GeminiException - {
  "error": {
    "code": 400,
    "message": "API key not valid. Please pass a valid API key.",
    "status": "INVALID_ARGUMENT",
    "details": [
      {
        "@type": "type.googleapis.com/google.rpc.ErrorInfo",
        "reason": "API_KEY_INVALID",
        "domain": "googleapis.com",
        "metadata": {
          "service": "generativelanguage.googleapis.com"
        }
      },
      {
        "@type": "type.googleapis.com/google.rpc.LocalizedMessage",
        "locale": "en-US",
        "message": "API key not valid. Please pass a valid API key."
      }
    ]
  }
}
. All fallback attempts failed. Enable verbose logging with `litellm.set_verbose=True` for details.
. Fallback a LOGICA.
2026-02-26 23:29:11,541 | INFO | Categoría Detectada -> LOGICA
2026-02-26 23:29:11,541 | INFO | Despachando a Agente: TechLead Agent (Lista LLM: ['gpt-4o-mini', 'ollama/llama3.1:8b'])
2026-02-26 23:29:11,541 | INFO | [PROBANDO MODELO] gpt-4o-mini para el agente TechLead Agent
2026-02-26 23:29:11,667 | ERROR | Error creating completion: Error code: 401 - {'error': {'message': 'Incorrect API key provided: not-needed. You can find your API key at https://platform.openai.com/account/api-keys.', 'type': 'invalid_request_error', 'param': None, 'code': 'invalid_api_key'}}
2026-02-26 23:29:11,697 | INFO | --- Nueva Petición Recibida: 'Busca y dime cuál es el precio actual de la acción de Apple hoy.' ---
2026-02-26 23:29:11,887 | ERROR | [FAILURE] Model: gpt-4o-mini | Error: UnknownError | Latency: 0.19s | Details: No details
2026-02-26 23:29:12,505 | ERROR | [ROUTER ERROR] Fallo en clasificación: litellm.APIConnectionError: litellm.AuthenticationError: GeminiException - {
  "error": {
    "code": 400,
    "message": "API key not valid. Please pass a valid API key.",
    "status": "INVALID_ARGUMENT",
    "details": [
      {
        "@type": "type.googleapis.com/google.rpc.ErrorInfo",
        "reason": "API_KEY_INVALID",
        "domain": "googleapis.com",
        "metadata": {
          "service": "generativelanguage.googleapis.com"
        }
      },
      {
        "@type": "type.googleapis.com/google.rpc.LocalizedMessage",
        "locale": "en-US",
        "message": "API key not valid. Please pass a valid API key."
      }
    ]
  }
}
. All fallback attempts failed. Enable verbose logging with `litellm.set_verbose=True` for details.
Traceback (most recent call last):
  File "C:\Users\Usuario\AppData\Roaming\Python\Python313\site-packages\litellm\litellm_core_utils\asyncify.py", line 107, in run_async_function
    _ = asyncio.get_running_loop()
RuntimeError: no running event loop

During handling of the above exception, another exception occurred:

Traceback (most recent call last):
  File "C:\Users\Usuario\AppData\Roaming\Python\Python313\site-packages\litellm\main.py", line 1298, in completion
    return completion_with_fallbacks(**args)
  File "C:\Users\Usuario\AppData\Roaming\Python\Python313\site-packages\litellm\litellm_core_utils\fallback_utils.py", line 77, in completion_with_fallbacks
    return run_async_function(async_function=async_completion_with_fallbacks, **kwargs)
  File "C:\Users\Usuario\AppData\Roaming\Python\Python313\site-packages\litellm\litellm_core_utils\asyncify.py", line 116, in run_async_function
    return run_in_new_loop()
  File "C:\Users\Usuario\AppData\Roaming\Python\Python313\site-packages\litellm\litellm_core_utils\asyncify.py", line 100, in run_in_new_loop
    return new_loop.run_until_complete(async_function(*args, **kwargs))
           ~~~~~~~~~~~~~~~~~~~~~~~~~~~^^^^^^^^^^^^^^^^^^^^^^^^^^^^^^^^^
  File "C:\Python313\Lib\asyncio\base_events.py", line 719, in run_until_complete
    return future.result()
           ~~~~~~~~~~~~~^^
  File "C:\Users\Usuario\AppData\Roaming\Python\Python313\site-packages\litellm\litellm_core_utils\fallback_utils.py", line 71, in async_completion_with_fallbacks
    raise Exception(
        f"{most_recent_exception_str}. All fallback attempts failed. Enable verbose logging with `litellm.set_verbose=True` for details."
    )
Exception: litellm.AuthenticationError: GeminiException - {
  "error": {
    "code": 400,
    "message": "API key not valid. Please pass a valid API key.",
    "status": "INVALID_ARGUMENT",
    "details": [
      {
        "@type": "type.googleapis.com/google.rpc.ErrorInfo",
        "reason": "API_KEY_INVALID",
        "domain": "googleapis.com",
        "metadata": {
          "service": "generativelanguage.googleapis.com"
        }
      },
      {
        "@type": "type.googleapis.com/google.rpc.LocalizedMessage",
        "locale": "en-US",
        "message": "API key not valid. Please pass a valid API key."
      }
    ]
  }
}
. All fallback attempts failed. Enable verbose logging with `litellm.set_verbose=True` for details.
. Fallback a LOGICA.
2026-02-26 23:29:12,506 | INFO | Categoría Detectada -> LOGICA
2026-02-26 23:29:12,506 | INFO | Despachando a Agente: TechLead Agent (Lista LLM: ['gpt-4o-mini', 'ollama/llama3.1:8b'])
2026-02-26 23:29:12,506 | INFO | [PROBANDO MODELO] gpt-4o-mini para el agente TechLead Agent
2026-02-26 23:29:12,642 | ERROR | Error creating completion: Error code: 401 - {'error': {'message': 'Incorrect API key provided: not-needed. You can find your API key at https://platform.openai.com/account/api-keys.', 'type': 'invalid_request_error', 'param': None, 'code': 'invalid_api_key'}}
2026-02-26 23:40:01,708 | INFO | ### Telemetría Antigravity v2.0 (Self-Healing) Activa ###
2026-02-26 23:40:01,718 | INFO | 
LiteLLM completion() model= modelo-inexistente; provider = gemini
2026-02-26 23:40:02,269 | ERROR | [FAILURE] Model: modelo-inexistente | Error: None
2026-02-26 23:40:02,271 | WARNING | !!! FALLO DETECTADO en gemini/modelo-inexistente. Iniciando Protocolo de Fallback (Self-Healing)...
2026-02-26 23:40:02,275 | INFO | 
LiteLLM completion() model= llama3.1:8b; provider = ollama
2026-02-26 23:40:33,525 | INFO | Wrapper: Completed Call, calling success_handler
2026-02-26 23:40:35,738 | INFO | [SUCCESS] Model: llama3.1:8b | Cost: $0.001120 | Latency: 31.25s
2026-02-26 23:41:18,123 | INFO | ### Telemetría Antigravity v2.0 (Self-Healing) Activa ###
2026-02-26 23:41:18,123 | INFO | --- Nueva Petición Recibida: 'Escribe una consulta SQL para hallar el segundo empleado mejor pagado.' ---
2026-02-26 23:41:18,626 | ERROR | [FAILURE] Model: gpt-4o-mini | Error: None
2026-02-26 23:41:19,373 | ERROR | [ROUTER ERROR] Fallo en clasificación: litellm.APIConnectionError: litellm.AuthenticationError: GeminiException - {
  "error": {
    "code": 400,
    "message": "API key not valid. Please pass a valid API key.",
    "status": "INVALID_ARGUMENT",
    "details": [
      {
        "@type": "type.googleapis.com/google.rpc.ErrorInfo",
        "reason": "API_KEY_INVALID",
        "domain": "googleapis.com",
        "metadata": {
          "service": "generativelanguage.googleapis.com"
        }
      },
      {
        "@type": "type.googleapis.com/google.rpc.LocalizedMessage",
        "locale": "en-US",
        "message": "API key not valid. Please pass a valid API key."
      }
    ]
  }
}
. All fallback attempts failed. Enable verbose logging with `litellm.set_verbose=True` for details.
Traceback (most recent call last):
  File "C:\Users\Usuario\AppData\Roaming\Python\Python313\site-packages\litellm\litellm_core_utils\asyncify.py", line 107, in run_async_function
    _ = asyncio.get_running_loop()
RuntimeError: no running event loop

During handling of the above exception, another exception occurred:

Traceback (most recent call last):
  File "C:\Users\Usuario\AppData\Roaming\Python\Python313\site-packages\litellm\main.py", line 1298, in completion
    return completion_with_fallbacks(**args)
  File "C:\Users\Usuario\AppData\Roaming\Python\Python313\site-packages\litellm\litellm_core_utils\fallback_utils.py", line 77, in completion_with_fallbacks
    return run_async_function(async_function=async_completion_with_fallbacks, **kwargs)
  File "C:\Users\Usuario\AppData\Roaming\Python\Python313\site-packages\litellm\litellm_core_utils\asyncify.py", line 116, in run_async_function
    return run_in_new_loop()
  File "C:\Users\Usuario\AppData\Roaming\Python\Python313\site-packages\litellm\litellm_core_utils\asyncify.py", line 100, in run_in_new_loop
    return new_loop.run_until_complete(async_function(*args, **kwargs))
           ~~~~~~~~~~~~~~~~~~~~~~~~~~~^^^^^^^^^^^^^^^^^^^^^^^^^^^^^^^^^
  File "C:\Python313\Lib\asyncio\base_events.py", line 719, in run_until_complete
    return future.result()
           ~~~~~~~~~~~~~^^
  File "C:\Users\Usuario\AppData\Roaming\Python\Python313\site-packages\litellm\litellm_core_utils\fallback_utils.py", line 71, in async_completion_with_fallbacks
    raise Exception(
        f"{most_recent_exception_str}. All fallback attempts failed. Enable verbose logging with `litellm.set_verbose=True` for details."
    )
Exception: litellm.AuthenticationError: GeminiException - {
  "error": {
    "code": 400,
    "message": "API key not valid. Please pass a valid API key.",
    "status": "INVALID_ARGUMENT",
    "details": [
      {
        "@type": "type.googleapis.com/google.rpc.ErrorInfo",
        "reason": "API_KEY_INVALID",
        "domain": "googleapis.com",
        "metadata": {
          "service": "generativelanguage.googleapis.com"
        }
      },
      {
        "@type": "type.googleapis.com/google.rpc.LocalizedMessage",
        "locale": "en-US",
        "message": "API key not valid. Please pass a valid API key."
      }
    ]
  }
}
. All fallback attempts failed. Enable verbose logging with `litellm.set_verbose=True` for details.
. Fallback a LOGICA.
2026-02-26 23:41:19,374 | INFO | Categoría Detectada -> LOGICA
2026-02-26 23:41:19,384 | INFO | Despachando a Agente: TechLead Agent (Lista LLM: ['gpt-4o-mini', 'ollama/llama3.1:8b'])
2026-02-26 23:41:19,384 | INFO | [PROBANDO MODELO] gpt-4o-mini para el agente TechLead Agent
2026-02-26 23:41:19,965 | ERROR | Error creating completion: Error code: 401 - {'error': {'message': 'Incorrect API key provided: not-needed. You can find your API key at https://platform.openai.com/account/api-keys.', 'type': 'invalid_request_error', 'param': None, 'code': 'invalid_api_key'}}
2026-02-26 23:41:20,094 | INFO | --- Nueva Petición Recibida: 'Tengo un acta notarial gigantesca de 500 páginas. Haz un resumen ejecutivo.' ---
2026-02-26 23:41:20,263 | ERROR | [FAILURE] Model: gpt-4o-mini | Error: None
2026-02-26 23:41:20,879 | ERROR | [ROUTER ERROR] Fallo en clasificación: litellm.APIConnectionError: litellm.AuthenticationError: GeminiException - {
  "error": {
    "code": 400,
    "message": "API key not valid. Please pass a valid API key.",
    "status": "INVALID_ARGUMENT",
    "details": [
      {
        "@type": "type.googleapis.com/google.rpc.ErrorInfo",
        "reason": "API_KEY_INVALID",
        "domain": "googleapis.com",
        "metadata": {
          "service": "generativelanguage.googleapis.com"
        }
      },
      {
        "@type": "type.googleapis.com/google.rpc.LocalizedMessage",
        "locale": "en-US",
        "message": "API key not valid. Please pass a valid API key."
      }
    ]
  }
}
. All fallback attempts failed. Enable verbose logging with `litellm.set_verbose=True` for details.
Traceback (most recent call last):
  File "C:\Users\Usuario\AppData\Roaming\Python\Python313\site-packages\litellm\litellm_core_utils\asyncify.py", line 107, in run_async_function
    _ = asyncio.get_running_loop()
RuntimeError: no running event loop

During handling of the above exception, another exception occurred:

Traceback (most recent call last):
  File "C:\Users\Usuario\AppData\Roaming\Python\Python313\site-packages\litellm\main.py", line 1298, in completion
    return completion_with_fallbacks(**args)
  File "C:\Users\Usuario\AppData\Roaming\Python\Python313\site-packages\litellm\litellm_core_utils\fallback_utils.py", line 77, in completion_with_fallbacks
    return run_async_function(async_function=async_completion_with_fallbacks, **kwargs)
  File "C:\Users\Usuario\AppData\Roaming\Python\Python313\site-packages\litellm\litellm_core_utils\asyncify.py", line 116, in run_async_function
    return run_in_new_loop()
  File "C:\Users\Usuario\AppData\Roaming\Python\Python313\site-packages\litellm\litellm_core_utils\asyncify.py", line 100, in run_in_new_loop
    return new_loop.run_until_complete(async_function(*args, **kwargs))
           ~~~~~~~~~~~~~~~~~~~~~~~~~~~^^^^^^^^^^^^^^^^^^^^^^^^^^^^^^^^^
  File "C:\Python313\Lib\asyncio\base_events.py", line 719, in run_until_complete
    return future.result()
           ~~~~~~~~~~~~~^^
  File "C:\Users\Usuario\AppData\Roaming\Python\Python313\site-packages\litellm\litellm_core_utils\fallback_utils.py", line 71, in async_completion_with_fallbacks
    raise Exception(
        f"{most_recent_exception_str}. All fallback attempts failed. Enable verbose logging with `litellm.set_verbose=True` for details."
    )
Exception: litellm.AuthenticationError: GeminiException - {
  "error": {
    "code": 400,
    "message": "API key not valid. Please pass a valid API key.",
    "status": "INVALID_ARGUMENT",
    "details": [
      {
        "@type": "type.googleapis.com/google.rpc.ErrorInfo",
        "reason": "API_KEY_INVALID",
        "domain": "googleapis.com",
        "metadata": {
          "service": "generativelanguage.googleapis.com"
        }
      },
      {
        "@type": "type.googleapis.com/google.rpc.LocalizedMessage",
        "locale": "en-US",
        "message": "API key not valid. Please pass a valid API key."
      }
    ]
  }
}
. All fallback attempts failed. Enable verbose logging with `litellm.set_verbose=True` for details.
. Fallback a LOGICA.
2026-02-26 23:41:20,880 | INFO | Categoría Detectada -> LOGICA
2026-02-26 23:41:20,880 | INFO | Despachando a Agente: TechLead Agent (Lista LLM: ['gpt-4o-mini', 'ollama/llama3.1:8b'])
2026-02-26 23:41:20,881 | INFO | [PROBANDO MODELO] gpt-4o-mini para el agente TechLead Agent
2026-02-26 23:41:21,019 | ERROR | Error creating completion: Error code: 401 - {'error': {'message': 'Incorrect API key provided: not-needed. You can find your API key at https://platform.openai.com/account/api-keys.', 'type': 'invalid_request_error', 'param': None, 'code': 'invalid_api_key'}}
2026-02-26 23:41:21,037 | INFO | --- Nueva Petición Recibida: 'Busca y dime cuál es el precio actual de la acción de Apple hoy.' ---
2026-02-26 23:41:21,220 | ERROR | [FAILURE] Model: gpt-4o-mini | Error: None
2026-02-26 23:41:21,845 | ERROR | [ROUTER ERROR] Fallo en clasificación: litellm.APIConnectionError: litellm.AuthenticationError: GeminiException - {
  "error": {
    "code": 400,
    "message": "API key not valid. Please pass a valid API key.",
    "status": "INVALID_ARGUMENT",
    "details": [
      {
        "@type": "type.googleapis.com/google.rpc.ErrorInfo",
        "reason": "API_KEY_INVALID",
        "domain": "googleapis.com",
        "metadata": {
          "service": "generativelanguage.googleapis.com"
        }
      },
      {
        "@type": "type.googleapis.com/google.rpc.LocalizedMessage",
        "locale": "en-US",
        "message": "API key not valid. Please pass a valid API key."
      }
    ]
  }
}
. All fallback attempts failed. Enable verbose logging with `litellm.set_verbose=True` for details.
Traceback (most recent call last):
  File "C:\Users\Usuario\AppData\Roaming\Python\Python313\site-packages\litellm\litellm_core_utils\asyncify.py", line 107, in run_async_function
    _ = asyncio.get_running_loop()
RuntimeError: no running event loop

During handling of the above exception, another exception occurred:

Traceback (most recent call last):
  File "C:\Users\Usuario\AppData\Roaming\Python\Python313\site-packages\litellm\main.py", line 1298, in completion
    return completion_with_fallbacks(**args)
  File "C:\Users\Usuario\AppData\Roaming\Python\Python313\site-packages\litellm\litellm_core_utils\fallback_utils.py", line 77, in completion_with_fallbacks
    return run_async_function(async_function=async_completion_with_fallbacks, **kwargs)
  File "C:\Users\Usuario\AppData\Roaming\Python\Python313\site-packages\litellm\litellm_core_utils\asyncify.py", line 116, in run_async_function
    return run_in_new_loop()
  File "C:\Users\Usuario\AppData\Roaming\Python\Python313\site-packages\litellm\litellm_core_utils\asyncify.py", line 100, in run_in_new_loop
    return new_loop.run_until_complete(async_function(*args, **kwargs))
           ~~~~~~~~~~~~~~~~~~~~~~~~~~~^^^^^^^^^^^^^^^^^^^^^^^^^^^^^^^^^
  File "C:\Python313\Lib\asyncio\base_events.py", line 719, in run_until_complete
    return future.result()
           ~~~~~~~~~~~~~^^
  File "C:\Users\Usuario\AppData\Roaming\Python\Python313\site-packages\litellm\litellm_core_utils\fallback_utils.py", line 71, in async_completion_with_fallbacks
    raise Exception(
        f"{most_recent_exception_str}. All fallback attempts failed. Enable verbose logging with `litellm.set_verbose=True` for details."
    )
Exception: litellm.AuthenticationError: GeminiException - {
  "error": {
    "code": 400,
    "message": "API key not valid. Please pass a valid API key.",
    "status": "INVALID_ARGUMENT",
    "details": [
      {
        "@type": "type.googleapis.com/google.rpc.ErrorInfo",
        "reason": "API_KEY_INVALID",
        "domain": "googleapis.com",
        "metadata": {
          "service": "generativelanguage.googleapis.com"
        }
      },
      {
        "@type": "type.googleapis.com/google.rpc.LocalizedMessage",
        "locale": "en-US",
        "message": "API key not valid. Please pass a valid API key."
      }
    ]
  }
}
. All fallback attempts failed. Enable verbose logging with `litellm.set_verbose=True` for details.
. Fallback a LOGICA.
2026-02-26 23:41:21,846 | INFO | Categoría Detectada -> LOGICA
2026-02-26 23:41:21,846 | INFO | Despachando a Agente: TechLead Agent (Lista LLM: ['gpt-4o-mini', 'ollama/llama3.1:8b'])
2026-02-26 23:41:21,846 | INFO | [PROBANDO MODELO] gpt-4o-mini para el agente TechLead Agent
2026-02-26 23:41:21,978 | ERROR | Error creating completion: Error code: 401 - {'error': {'message': 'Incorrect API key provided: not-needed. You can find your API key at https://platform.openai.com/account/api-keys.', 'type': 'invalid_request_error', 'param': None, 'code': 'invalid_api_key'}}
